<?xml version="1.0" encoding="UTF-8"?>
<!-- Generated by org.testng.reporters.JUnitReportReporter -->
<testsuite hostname="DESKTOP-FMK911I" failures="0" tests="5" name="sumerge.LoginTest" time="14.657" errors="0" timestamp="2024-10-17T19:08:12 EEST" skipped="0">
  <testcase classname="sumerge.LoginTest" name="testFormIsVisiblle" time="4.182"/>
  <system-out/>
  <testcase classname="sumerge.LoginTest" name="testEmptyUsernameCredntials" time="2.121"/>
  <system-out/>
  <testcase classname="sumerge.LoginTest" name="testValidCredential" time="4.189"/>
  <system-out/>
  <testcase classname="sumerge.LoginTest" name="testEmptyPasswordCredntials" time="2.113"/>
  <system-out/>
  <testcase classname="sumerge.LoginTest" name="testWrongCredntials" time="2.052"/>
  <system-out/>
</testsuite> <!-- sumerge.LoginTest -->
